node:events:491
      throw er; // Unhandled 'error' event
      ^

Error: listen EADDRINUSE: address already in use :::5000
    at Server.setupListenHandle [as _listen2] (node:net:1740:16)
    at listenInCluster (node:net:1788:12)
    at Server.listen (node:net:1876:7)
    at file:///var/www/www-root/data/www/borapp.cac.gov.ng/borapp/server.js:155:9
    at ModuleJob.run (node:internal/modules/esm/module_job:194:25)
Emitted 'error' event on Server instance at:
    at emitErrorNT (node:net:1767:8)
    at process.processTicksAndRejections (node:internal/process/task_queues:82:21) {
  code: 'EADDRINUSE',
  errno: -98,
  syscall: 'listen',
  address: '::',
  port: 5000
}

Node.js v18.14.2
node:events:491
      throw er; // Unhandled 'error' event
      ^

Error: listen EADDRINUSE: address already in use :::5000
    at Server.setupListenHandle [as _listen2] (node:net:1740:16)
    at listenInCluster (node:net:1788:12)
    at Server.listen (node:net:1876:7)
    at file:///var/www/www-root/data/www/borapp.cac.gov.ng/borapp/server.js:155:9
    at ModuleJob.run (node:internal/modules/esm/module_job:194:25)
Emitted 'error' event on Server instance at:
    at emitErrorNT (node:net:1767:8)
    at process.processTicksAndRejections (node:internal/process/task_queues:82:21) {
  code: 'EADDRINUSE',
  errno: -98,
  syscall: 'listen',
  address: '::',
  port: 5000
}

Node.js v18.14.2
